*** Starting uWSGI 1.9.15 (64bit) on [Tue Oct 22 17:21:11 2013] ***
compiled with version: 4.6.3 on 30 August 2013 12:34:47
os: Linux-3.2.0-29-generic #46-Ubuntu SMP Fri Jul 27 17:03:23 UTC 2012
nodename: AY1301130920252115194
machine: x86_64
clock source: unix
detected number of CPU cores: 1
current working directory: /home/mrfruit/webFM
detected binary path: /usr/local/bin/uwsgi
uWSGI running as root, you can use --uid/--gid/--chroot options
*** WARNING: you are running uWSGI as root !!! (use the --uid flag) *** 
*** WARNING: you are running uWSGI without its master process manager ***
your processes number limit is 3799
your memory page size is 4096 bytes
detected max file descriptor number: 1024
lock engine: pthread robust mutexes
uwsgi socket 0 bound to TCP address :33521 fd 3
Python version: 2.7.3 (default, Jul  5 2013, 08:50:27)  [GCC 4.6.3]
*** Python threads support is disabled. You can enable it with --enable-threads ***
Python main interpreter initialized at 0xffe7a0
your server socket listen backlog is limited to 100 connections
your mercy for graceful operations on workers is 60 seconds
mapped 291104 bytes (284 KB) for 4 cores
*** Operational MODE: preforking ***
WSGI app 0 (mountpoint='') ready in 0 seconds on interpreter 0xffe7a0 pid: 15563 (default app)
*** uWSGI is running in multiple interpreter mode ***
spawned uWSGI worker 1 (pid: 15563, cores: 1)
spawned uWSGI worker 2 (pid: 15569, cores: 1)
spawned uWSGI worker 3 (pid: 15570, cores: 1)
spawned uWSGI worker 4 (pid: 15571, cores: 1)
Traceback (most recent call last):
  File "/usr/local/lib/python2.7/dist-packages/django/core/handlers/wsgi.py", line 219, in __call__
    self.load_middleware()
  File "/usr/local/lib/python2.7/dist-packages/django/core/handlers/base.py", line 39, in load_middleware
    for middleware_path in settings.MIDDLEWARE_CLASSES:
  File "/usr/local/lib/python2.7/dist-packages/django/utils/functional.py", line 184, in inner
    self._setup()
  File "/usr/local/lib/python2.7/dist-packages/django/conf/__init__.py", line 42, in _setup
    self._wrapped = Settings(settings_module)
  File "/usr/local/lib/python2.7/dist-packages/django/conf/__init__.py", line 95, in __init__
    raise ImportError("Could not import settings '%s' (Is it on sys.path?): %s" % (self.SETTINGS_MODULE, e))
ImportError: Could not import settings 'darfoo_back.settings' (Is it on sys.path?): No module named darfoo_back.settings
[pid: 15563|app: 0|req: 1/1] 58.100.7.199 () {38 vars in 869 bytes} [Tue Oct 22 17:21:18 2013] GET / => generated 0 bytes in 69 msecs (HTTP/1.1 500) 0 headers in 0 bytes (0 switches on core 0)
*** Starting uWSGI 1.9.15 (64bit) on [Tue Oct 22 17:23:39 2013] ***
compiled with version: 4.6.3 on 30 August 2013 12:34:47
os: Linux-3.2.0-29-generic #46-Ubuntu SMP Fri Jul 27 17:03:23 UTC 2012
nodename: AY1301130920252115194
machine: x86_64
clock source: unix
detected number of CPU cores: 1
current working directory: /home/mrfruit/webFM
detected binary path: /usr/local/bin/uwsgi
uWSGI running as root, you can use --uid/--gid/--chroot options
*** WARNING: you are running uWSGI as root !!! (use the --uid flag) *** 
*** WARNING: you are running uWSGI without its master process manager ***
your processes number limit is 3799
your memory page size is 4096 bytes
detected max file descriptor number: 1024
lock engine: pthread robust mutexes
uwsgi socket 0 bound to TCP address :33521 fd 3
Python version: 2.7.3 (default, Jul  5 2013, 08:50:27)  [GCC 4.6.3]
*** Python threads support is disabled. You can enable it with --enable-threads ***
Python main interpreter initialized at 0xa5d7a0
your server socket listen backlog is limited to 100 connections
your mercy for graceful operations on workers is 60 seconds
mapped 291104 bytes (284 KB) for 4 cores
*** Operational MODE: preforking ***
WSGI app 0 (mountpoint='') ready in 0 seconds on interpreter 0xa5d7a0 pid: 15712 (default app)
*** uWSGI is running in multiple interpreter mode ***
spawned uWSGI worker 1 (pid: 15712, cores: 1)
spawned uWSGI worker 2 (pid: 15718, cores: 1)
spawned uWSGI worker 3 (pid: 15719, cores: 1)
spawned uWSGI worker 4 (pid: 15720, cores: 1)
[pid: 15712|app: 0|req: 1/1] 58.100.7.199 () {40 vars in 900 bytes} [Tue Oct 22 04:23:46 2013] GET / => generated 2610 bytes in 298 msecs (HTTP/1.1 404) 1 headers in 51 bytes (1 switches on core 0)
[pid: 15718|app: 0|req: 1/2] 58.100.7.199 () {38 vars in 889 bytes} [Tue Oct 22 04:23:56 2013] GET /auth/index => generated 0 bytes in 123 msecs (HTTP/1.1 301) 2 headers in 115 bytes (1 switches on core 0)
[pid: 15719|app: 0|req: 1/3] 58.100.7.199 () {38 vars in 891 bytes} [Tue Oct 22 04:23:56 2013] GET /auth/index/ => generated 115912 bytes in 2631 msecs (HTTP/1.1 500) 2 headers in 77 bytes (1 switches on core 0)
*** Starting uWSGI 1.9.15 (64bit) on [Tue Oct 22 17:24:53 2013] ***
compiled with version: 4.6.3 on 30 August 2013 12:34:47
os: Linux-3.2.0-29-generic #46-Ubuntu SMP Fri Jul 27 17:03:23 UTC 2012
nodename: AY1301130920252115194
machine: x86_64
clock source: unix
detected number of CPU cores: 1
current working directory: /home/mrfruit/webFM
detected binary path: /usr/local/bin/uwsgi
uWSGI running as root, you can use --uid/--gid/--chroot options
*** WARNING: you are running uWSGI as root !!! (use the --uid flag) *** 
*** WARNING: you are running uWSGI without its master process manager ***
your processes number limit is 3799
your memory page size is 4096 bytes
detected max file descriptor number: 1024
lock engine: pthread robust mutexes
uwsgi socket 0 bound to TCP address :33521 fd 3
Python version: 2.7.3 (default, Jul  5 2013, 08:50:27)  [GCC 4.6.3]
*** Python threads support is disabled. You can enable it with --enable-threads ***
Python main interpreter initialized at 0xd1e7a0
your server socket listen backlog is limited to 100 connections
your mercy for graceful operations on workers is 60 seconds
mapped 291104 bytes (284 KB) for 4 cores
*** Operational MODE: preforking ***
WSGI app 0 (mountpoint='') ready in 0 seconds on interpreter 0xd1e7a0 pid: 15744 (default app)
*** uWSGI is running in multiple interpreter mode ***
spawned uWSGI worker 1 (pid: 15744, cores: 1)
spawned uWSGI worker 2 (pid: 15750, cores: 1)
spawned uWSGI worker 3 (pid: 15751, cores: 1)
spawned uWSGI worker 4 (pid: 15752, cores: 1)
v5wHBaV5HiBVzXxT8RG4kTv3
[pid: 15744|app: 0|req: 1/1] 58.100.7.199 () {40 vars in 922 bytes} [Tue Oct 22 04:24:57 2013] GET /auth/index/ => generated 1870 bytes in 942 msecs (HTTP/1.1 200) 4 headers in 326 bytes (1 switches on core 0)
[pid: 15752|app: 0|req: 1/2] 58.100.7.199 () {42 vars in 940 bytes} [Tue Oct 22 04:24:58 2013] GET /captcha/captcha.jpg => generated 4412 bytes in 285 msecs (HTTP/1.1 200) 3 headers in 113 bytes (1 switches on core 0)
[pid: 15751|app: 0|req: 1/3] 58.100.7.199 () {42 vars in 950 bytes} [Tue Oct 22 04:24:58 2013] GET /authstatic/css/signin.css => generated 902 bytes in 286 msecs (HTTP/1.1 200) 3 headers in 110 bytes (1 switches on core 0)
[pid: 15750|app: 0|req: 1/4] 58.100.7.199 () {42 vars in 956 bytes} [Tue Oct 22 04:24:58 2013] GET /authstatic/css/bootstrap.css => generated 119892 bytes in 287 msecs (HTTP/1.1 200) 3 headers in 113 bytes (1 switches on core 0)
[pid: 15744|app: 0|req: 2/5] 58.100.7.199 () {38 vars in 861 bytes} [Tue Oct 22 04:25:00 2013] GET /authstatic/img/favicon.png => generated 4286 bytes in 5 msecs (HTTP/1.1 200) 3 headers in 112 bytes (1 switches on core 0)
v5wHBaV5HiBVzXxT8RG4kTv3
username=>zjhsdtc@sohu.com
password=>z1x2c3v41598753
captcha=>drawer
login successful!!!
http://douban.fm/j/mine/playlist?type=n&sid=&pt=0.0&channel=-3&from=mainsite&r=f5b061dff2
[pid: 15752|app: 0|req: 2/6] 58.100.7.199 () {48 vars in 1116 bytes} [Tue Oct 22 04:25:32 2013] POST /auth/index/ => generated 0 bytes in 557 msecs (HTTP/1.1 302) 4 headers in 250 bytes (1 switches on core 0)
[pid: 15750|app: 0|req: 2/7] 58.100.7.199 () {42 vars in 971 bytes} [Tue Oct 22 04:25:32 2013] GET /douban/index/ => generated 1391 bytes in 2 msecs (HTTP/1.1 200) 1 headers in 59 bytes (1 switches on core 0)
[pid: 15751|app: 0|req: 2/8] 58.100.7.199 () {42 vars in 984 bytes} [Tue Oct 22 04:25:32 2013] GET /doubanstatic/newcss/stylesheets/style.css => generated 6099 bytes in 3 msecs (HTTP/1.1 200) 3 headers in 111 bytes (1 switches on core 0)
[pid: 15744|app: 0|req: 3/9] 58.100.7.199 () {42 vars in 985 bytes} [Tue Oct 22 04:25:32 2013] GET /doubanstatic/newjs/jquery-ui-1.8.17.custom.min.js => generated 20355 bytes in 3 msecs (HTTP/1.1 200) 3 headers in 126 bytes (1 switches on core 0)
[pid: 15751|app: 0|req: 3/10] 58.100.7.199 () {42 vars in 943 bytes} [Tue Oct 22 04:25:32 2013] GET /doubanstatic/newjs/script.js => generated 9808 bytes in 1 msecs (HTTP/1.1 200) 3 headers in 125 bytes (1 switches on core 0)
[pid: 15744|app: 0|req: 4/11] 58.100.7.199 () {42 vars in 986 bytes} [Tue Oct 22 04:25:33 2013] GET /doubanstatic/newcss/images/background.jpg => generated 153332 bytes in 2 msecs (HTTP/1.1 200) 3 headers in 115 bytes (1 switches on core 0)
[pid: 15751|app: 0|req: 4/12] 58.100.7.199 () {42 vars in 978 bytes} [Tue Oct 22 04:25:33 2013] GET /doubanstatic/newcss/images/rewind.png => generated 1427 bytes in 2 msecs (HTTP/1.1 200) 3 headers in 112 bytes (1 switches on core 0)
[pid: 15750|app: 0|req: 3/13] 58.100.7.199 () {42 vars in 974 bytes} [Tue Oct 22 04:25:33 2013] GET /doubanstatic/newcss/images/play.png => generated 1323 bytes in 2 msecs (HTTP/1.1 200) 3 headers in 112 bytes (1 switches on core 0)
[pid: 15752|app: 0|req: 3/14] 58.100.7.199 () {42 vars in 988 bytes} [Tue Oct 22 04:25:33 2013] GET /doubanstatic/newcss/images/fastforward.png => generated 1366 bytes in 1 msecs (HTTP/1.1 200) 3 headers in 112 bytes (1 switches on core 0)
[pid: 15744|app: 0|req: 5/15] 58.100.7.199 () {42 vars in 978 bytes} [Tue Oct 22 04:25:33 2013] GET /doubanstatic/newcss/images/volume.png => generated 1630 bytes in 2 msecs (HTTP/1.1 200) 3 headers in 112 bytes (1 switches on core 0)
[pid: 15751|app: 0|req: 5/16] 58.100.7.199 () {42 vars in 978 bytes} [Tue Oct 22 04:25:33 2013] GET /doubanstatic/newcss/images/repeat.png => generated 1457 bytes in 1 msecs (HTTP/1.1 200) 3 headers in 112 bytes (1 switches on core 0)
[pid: 15750|app: 0|req: 4/17] 58.100.7.199 () {42 vars in 980 bytes} [Tue Oct 22 04:25:33 2013] GET /doubanstatic/newcss/images/shuffle.png => generated 1490 bytes in 1 msecs (HTTP/1.1 200) 3 headers in 112 bytes (1 switches on core 0)
<type 'list'>
[{'album': u'El Radio', 'artist': u'Chris Garneau', 'title': u'No More Pirates', 'cover': u'http://img5.douban.com/view/site/large/public/333addeec236b79.jpg', 'mp3': u'http://mr3.douban.com/201310221725/1d2c16494521272a0862523c2aaa60d7/view/song/small/p1386407.mp3', 'ogg': u'http://mr3.douban.com/201310221725/1d2c16494521272a0862523c2aaa60d7/view/song/small/p1386407.mp3'}, {'album': u'When We Were Small', 'artist': u'Rosie Thomas', 'title': u'Have You Seen My Love', 'cover': u'http://img3.douban.com/mpic/s4509002.jpg', 'mp3': u'http://mr5.douban.com/201310221725/a4d6a9e2e9c241f6de140eabc2f1d3fc/view/song/small/p697201.mp3', 'ogg': u'http://mr5.douban.com/201310221725/a4d6a9e2e9c241f6de140eabc2f1d3fc/view/song/small/p697201.mp3'}, {'album': u'These Friends Of ...', 'artist': u'Rosie Thomas', 'title': u'Songbird', 'cover': u'http://img4.douban.com/mpic/s2674348.jpg', 'mp3': u'http://mr3.douban.com/201310221725/86b92225824743bc8e6daf4e9b005296/view/song/small/p377537.mp3', 'ogg': u'http://mr3.douban.com/201310221725/86b92225824743bc8e6daf4e9b005296/view/song/small/p377537.mp3'}, {'album': u'Yield', 'artist': u'Arco', 'title': u'eyes to see', 'cover': u'http://img3.douban.com/mpic/s4715005.jpg', 'mp3': u'http://mr3.douban.com/201310221725/0dc2d91e3cf23ec297f85d7504a4fd43/view/song/small/p1468718.mp3', 'ogg': u'http://mr3.douban.com/201310221725/0dc2d91e3cf23ec297f85d7504a4fd43/view/song/small/p1468718.mp3'}, {'album': u'Joy. The Machine.', 'artist': u'Emme Packer', 'title': u'A Poem', 'cover': u'http://img3.douban.com/mpic/s3551473.jpg', 'mp3': u'http://mr3.douban.com/201310221725/6ab5b2b9b1962880d283b4df52523468/view/song/small/p1475487.mp3', 'ogg': u'http://mr3.douban.com/201310221725/6ab5b2b9b1962880d283b4df52523468/view/song/small/p1475487.mp3'}, {'album': u'Off The Radar', 'artist': u'Ally Kerr', 'title': u"There's A World", 'cover': u'http://img3.douban.com/mpic/s3077624.jpg', 'mp3': u'http://mr3.douban.com/201310221725/b2b9aa01b36e8aeba7971e344a96646d/view/song/small/p130959.mp3', 'ogg': u'http://mr3.douban.com/201310221725/b2b9aa01b36e8aeba7971e344a96646d/view/song/small/p130959.mp3'}, {'album': u'Earlier, Later', 'artist': u'Emme Packer', 'title': u'Umbrella', 'cover': u'http://img3.douban.com/mpic/s3946733.jpg', 'mp3': u'http://mr4.douban.com/201310221725/a1ee228bbcea37dd3c90a5db38d51fb1/view/song/small/p1470332.mp3', 'ogg': u'http://mr4.douban.com/201310221725/a1ee228bbcea37dd3c90a5db38d51fb1/view/song/small/p1470332.mp3'}, {'album': u'Loved', 'artist': u'JJ Heller', 'title': u'I Believe (Bonus Track)', 'cover': u'http://img3.douban.com/mpic/s25953671.jpg', 'mp3': u'http://mr3.douban.com/201310221725/4d25c6b5f0e03e14c5dcd0a53290cba4/view/song/small/p1895098.mp3', 'ogg': u'http://mr3.douban.com/201310221725/4d25c6b5f0e03e14c5dcd0a53290cba4/view/song/small/p1895098.mp3'}, {'album': u'Keep Walking or I...', 'artist': u'Agnes Kain', 'title': u'All Time High', 'cover': u'http://img3.douban.com/view/site/large/public/dfcf80765dae65d.jpg', 'mp3': u'http://mr4.douban.com/201310221725/a525668d621a4e87daf038d56f5abcb0/view/song/small/p1583522.mp3', 'ogg': u'http://mr4.douban.com/201310221725/a525668d621a4e87daf038d56f5abcb0/view/song/small/p1583522.mp3'}, {'album': u'Heartwood', 'artist': u'Amanda Rogers', 'title': u"Fate's Northern Shore", 'cover': u'http://img3.douban.com/mpic/s3370275.jpg', 'mp3': u'http://mr4.douban.com/201310221725/d959868680bacd720fb03237d8527ad7/view/song/small/p130993.mp3', 'ogg': u'http://mr4.douban.com/201310221725/d959868680bacd720fb03237d8527ad7/view/song/small/p130993.mp3'}, {'album': u'Keep Movin - Keep...', 'artist': u'Egil Olsen', 'title': u'location location location', 'cover': u'http://img3.douban.com/mpic/s6338820.jpg', 'mp3': u'http://mr4.douban.com/201310221725/d875c96ea976522a9490d6269dd12071/view/song/small/p1849164.mp3', 'ogg': u'http://mr4.douban.com/201310221725/d875c96ea976522a9490d6269dd12071/view/song/small/p1849164.mp3'}, {'album': u'Keep Movin - Keep...', 'artist': u'Egil Olsen', 'title': u'one man show', 'cover': u'http://img3.douban.com/mpic/s6338820.jpg', 'mp3': u'http://mr3.douban.com/201310221725/25987497e0fb9582a100e257f4710437/view/song/small/p1849159.mp3', 'ogg': u'http://mr3.douban.com/201310221725/25987497e0fb9582a100e257f4710437/view/song/small/p1849159.mp3'}, {'album': u'Good Day', 'artist': u'Priscilla Ahn', 'title': u'Moonbeam Song (Bonus Track)', 'cover': u'http://img5.douban.com/mpic/s3814329.jpg', 'mp3': u'http://mr3.douban.com/201310221725/c976073f5f66ac120c9c703208f86f53/view/song/small/p1526080.mp3', 'ogg': u'http://mr3.douban.com/201310221725/c976073f5f66ac120c9c703208f86f53/view/song/small/p1526080.mp3'}, {'album': u'Painted Red', 'artist': u'JJ Heller', 'title': u'Not Mine Anyway', 'cover': u'http://img3.douban.com/mpic/s26966963.jpg', 'mp3': u'http://mr5.douban.com/201310221725/f22af9a305f51bc883b4f30ae0d8dbca/view/song/small/p1381231.mp3', 'ogg': u'http://mr5.douban.com/201310221725/f22af9a305f51bc883b4f30ae0d8dbca/view/song/small/p1381231.mp3'}, {'album': u'When You Grow Up', 'artist': u'Priscilla Ahn', 'title': u'Torch Song', 'cover': u'http://img3.douban.com/mpic/s4699756.jpg', 'mp3': u'http://mr3.douban.com/201310221725/0da7aad727ededb379f672765ddcd18a/view/song/small/p1845410.mp3', 'ogg': u'http://mr3.douban.com/201310221725/0da7aad727ededb379f672765ddcd18a/view/song/small/p1845410.mp3'}, {'album': u'Down The Way', 'artist': u'Angus & Julia Stone', 'title': u'Big Jet Plane', 'cover': u'http://img3.douban.com/mpic/s4212643.jpg', 'mp3': u'http://mr3.douban.com/201310221725/63b8a9e68fb639fa55f737444f03ca21/view/song/small/p1641126.mp3', 'ogg': u'http://mr3.douban.com/201310221725/63b8a9e68fb639fa55f737444f03ca21/view/song/small/p1641126.mp3'}, {'album': u'Small Planes', 'artist': u'The Innocence Mission', 'title': u'Migration', 'cover': u'http://img3.douban.com/mpic/s1413420.jpg', 'mp3': u'http://mr3.douban.com/201310221725/880dae330766cb368220b04ac86af620/view/song/small/p698378.mp3', 'ogg': u'http://mr3.douban.com/201310221725/880dae330766cb368220b04ac86af620/view/song/small/p698378.mp3'}, {'album': u'The Chaos In Order', 'artist': u"Let's Go Sailing", 'title': u'Come Home Safely', 'cover': u'http://img3.douban.com/mpic/s2676314.jpg', 'mp3': u'http://mr3.douban.com/201310221725/8dac9750aaac0fe341e4024f6cdf51b7/view/song/small/p714228.mp3', 'ogg': u'http://mr3.douban.com/201310221725/8dac9750aaac0fe341e4024f6cdf51b7/view/song/small/p714228.mp3'}, {'album': u'The Drifter & The...', 'artist': u'Rosi Golan', 'title': u'Hazy (Featuring William Fitzsimmons)', 'cover': u'http://img3.douban.com/mpic/s3895311.jpg', 'mp3': u'http://mr5.douban.com/201310221725/598281868c4a2470457e8998163cd9e3/view/song/small/p1640251.mp3', 'ogg': u'http://mr5.douban.com/201310221725/598281868c4a2470457e8998163cd9e3/view/song/small/p1640251.mp3'}, {'album': u'Not Too Late', 'artist': u'Norah Jones', 'title': u'Thinking About You', 'cover': u'http://img3.douban.com/mpic/s2368627.jpg', 'mp3': u'http://mr3.douban.com/201310221725/11d1294549983987d438dd36a78799d1/view/song/small/p156658.mp3', 'ogg': u'http://mr3.douban.com/201310221725/11d1294549983987d438dd36a78799d1/view/song/small/p156658.mp3'}, {'album': u'Say It', 'artist': u'Britt Nicole', 'title': u'You', 'cover': u'http://img4.douban.com/mpic/s2406758.jpg', 'mp3': u'http://mr4.douban.com/201310221725/a8cc67f48bafcf8b267de2adbb724fd9/view/song/small/p465543.mp3', 'ogg': u'http://mr4.douban.com/201310221725/a8cc67f48bafcf8b267de2adbb724fd9/view/song/small/p465543.mp3'}, {'album': u'Twentythree', 'artist': u'Tristan Prettyman', 'title': u'Love Love Love', 'cover': u'http://img3.douban.com/mpic/s4714100.jpg', 'mp3': u'http://mr3.douban.com/201310221725/059cceab1d5e17a78c4baa84fbb169e3/view/song/small/p505019.mp3', 'ogg': u'http://mr3.douban.com/201310221725/059cceab1d5e17a78c4baa84fbb169e3/view/song/small/p505019.mp3'}, {'album': u'Precious Burden', 'artist': u'Sophie Zelmani', 'title': u'Black Day', 'cover': u'http://img5.douban.com/mpic/s4716339.jpg', 'mp3': u'http://mr4.douban.com/201310221725/f2fc9dd18ec8db78310463976a64bcee/view/song/small/p379064.mp3', 'ogg': u'http://mr4.douban.com/201310221725/f2fc9dd18ec8db78310463976a64bcee/view/song/small/p379064.mp3'}, {'album': u"My Best Friend's ...", 'artist': u'Sophie Zelmani', 'title': u'Always You', 'cover': u'http://img3.douban.com/mpic/s1400005.jpg', 'mp3': u'http://mr3.douban.com/201310221725/a075de7d00012cb55064acc02bb4000d/view/song/small/p967476.mp3', 'ogg': u'http://mr3.douban.com/201310221725/a075de7d00012cb55064acc02bb4000d/view/song/small/p967476.mp3'}, {'album': u'FAKE BOOK', 'artist': u'\u5927\u6a4b\u30c8\u30ea\u30aa', 'title': u'Dancing In The Moonlight', 'cover': u'http://img3.douban.com/mpic/s4164197.jpg', 'mp3': u'http://mr3.douban.com/201310221725/10779ec4bac9b615fea71a1f86e6de73/view/song/small/p1475059.mp3', 'ogg': u'http://mr3.douban.com/201310221725/10779ec4bac9b615fea71a1f86e6de73/view/song/small/p1475059.mp3'}, {'album': u'Trenes de Juguete', 'artist': u'Bosques de mi Mente', 'title': u'Recuerdo Infantil', 'cover': u'http://img3.douban.com/mpic/s2760452.jpg', 'mp3': u'http://mr3.douban.com/201310221725/8360ae2da506c7d36ec2bcee7a44136b/view/song/small/p427345.mp3', 'ogg': u'http://mr3.douban.com/201310221725/8360ae2da506c7d36ec2bcee7a44136b/view/song/small/p427345.mp3'}, {'album': u'My Friends All Di...', 'artist': u'Cocoon', 'title': u'Hummingbird', 'cover': u'http://img3.douban.com/view/site/large/public/d7871605c4f61aa.jpg', 'mp3': u'http://mr3.douban.com/201310221725/7b9fe80704248384c0825adcd85d6871/view/song/small/p522060.mp3', 'ogg': u'http://mr3.douban.com/201310221725/7b9fe80704248384c0825adcd85d6871/view/song/small/p522060.mp3'}]
<type 'str'>
[{"album": "El Radio", "artist": "Chris Garneau", "title": "No More Pirates", "cover": "http://img5.douban.com/view/site/large/public/333addeec236b79.jpg", "mp3": "http://mr3.douban.com/201310221725/1d2c16494521272a0862523c2aaa60d7/view/song/small/p1386407.mp3", "ogg": "http://mr3.douban.com/201310221725/1d2c16494521272a0862523c2aaa60d7/view/song/small/p1386407.mp3"}, {"album": "When We Were Small", "artist": "Rosie Thomas", "title": "Have You Seen My Love", "cover": "http://img3.douban.com/mpic/s4509002.jpg", "mp3": "http://mr5.douban.com/201310221725/a4d6a9e2e9c241f6de140eabc2f1d3fc/view/song/small/p697201.mp3", "ogg": "http://mr5.douban.com/201310221725/a4d6a9e2e9c241f6de140eabc2f1d3fc/view/song/small/p697201.mp3"}, {"album": "These Friends Of ...", "artist": "Rosie Thomas", "title": "Songbird", "cover": "http://img4.douban.com/mpic/s2674348.jpg", "mp3": "http://mr3.douban.com/201310221725/86b92225824743bc8e6daf4e9b005296/view/song/small/p377537.mp3", "ogg": "http://mr3.douban.com/201310221725/86b92225824743bc8e6daf4e9b005296/view/song/small/p377537.mp3"}, {"album": "Yield", "artist": "Arco", "title": "eyes to see", "cover": "http://img3.douban.com/mpic/s4715005.jpg", "mp3": "http://mr3.douban.com/201310221725/0dc2d91e3cf23ec297f85d7504a4fd43/view/song/small/p1468718.mp3", "ogg": "http://mr3.douban.com/201310221725/0dc2d91e3cf23ec297f85d7504a4fd43/view/song/small/p1468718.mp3"}, {"album": "Joy. The Machine.", "artist": "Emme Packer", "title": "A Poem", "cover": "http://img3.douban.com/mpic/s3551473.jpg", "mp3": "http://mr3.douban.com/201310221725/6ab5b2b9b1962880d283b4df52523468/view/song/small/p1475487.mp3", "ogg": "http://mr3.douban.com/201310221725/6ab5b2b9b1962880d283b4df52523468/view/song/small/p1475487.mp3"}, {"album": "Off The Radar", "artist": "Ally Kerr", "title": "There's A World", "cover": "http://img3.douban.com/mpic/s3077624.jpg", "mp3": "http://mr3.douban.com/201310221725/b2b9aa01b36e8aeba7971e344a96646d/view/song/small/p130959.mp3", "ogg": "http://mr3.douban.com/201310221725/b2b9aa01b36e8aeba7971e344a96646d/view/song/small/p130959.mp3"}, {"album": "Earlier, Later", "artist": "Emme Packer", "title": "Umbrella", "cover": "http://img3.douban.com/mpic/s3946733.jpg", "mp3": "http://mr4.douban.com/201310221725/a1ee228bbcea37dd3c90a5db38d51fb1/view/song/small/p1470332.mp3", "ogg": "http://mr4.douban.com/201310221725/a1ee228bbcea37dd3c90a5db38d51fb1/view/song/small/p1470332.mp3"}, {"album": "Loved", "artist": "JJ Heller", "title": "I Believe (Bonus Track)", "cover": "http://img3.douban.com/mpic/s25953671.jpg", "mp3": "http://mr3.douban.com/201310221725/4d25c6b5f0e03e14c5dcd0a53290cba4/view/song/small/p1895098.mp3", "ogg": "http://mr3.douban.com/201310221725/4d25c6b5f0e03e14c5dcd0a53290cba4/view/song/small/p1895098.mp3"}, {"album": "Keep Walking or I...", "artist": "Agnes Kain", "title": "All Time High", "cover": "http://img3.douban.com/view/site/large/public/dfcf80765dae65d.jpg", "mp3": "http://mr4.douban.com/201310221725/a525668d621a4e87daf038d56f5abcb0/view/song/small/p1583522.mp3", "ogg": "http://mr4.douban.com/201310221725/a525668d621a4e87daf038d56f5abcb0/view/song/small/p1583522.mp3"}, {"album": "Heartwood", "artist": "Amanda Rogers", "title": "Fate's Northern Shore", "cover": "http://img3.douban.com/mpic/s3370275.jpg", "mp3": "http://mr4.douban.com/201310221725/d959868680bacd720fb03237d8527ad7/view/song/small/p130993.mp3", "ogg": "http://mr4.douban.com/201310221725/d959868680bacd720fb03237d8527ad7/view/song/small/p130993.mp3"}, {"album": "Keep Movin - Keep...", "artist": "Egil Olsen", "title": "location location location", "cover": "http://img3.douban.com/mpic/s6338820.jpg", "mp3": "http://mr4.douban.com/201310221725/d875c96ea976522a9490d6269dd12071/view/song/small/p1849164.mp3", "ogg": "http://mr4.douban.com/201310221725/d875c96ea976522a9490d6269dd12071/view/song/small/p1849164.mp3"}, {"album": "Keep Movin - Keep...", "artist": "Egil Olsen", "title": "one man show", "cover": "http://img3.douban.com/mpic/s6338820.jpg", "mp3": "http://mr3.douban.com/201310221725/25987497e0fb9582a100e257f4710437/view/song/small/p1849159.mp3", "ogg": "http://mr3.douban.com/201310221725/25987497e0fb9582a100e257f4710437/view/song/small/p1849159.mp3"}, {"album": "Good Day", "artist": "Priscilla Ahn", "title": "Moonbeam Song (Bonus Track)", "cover": "http://img5.douban.com/mpic/s3814329.jpg", "mp3": "http://mr3.douban.com/201310221725/c976073f5f66ac120c9c703208f86f53/view/song/small/p1526080.mp3", "ogg": "http://mr3.douban.com/201310221725/c976073f5f66ac120c9c703208f86f53/view/song/small/p1526080.mp3"}, {"album": "Painted Red", "artist": "JJ Heller", "title": "Not Mine Anyway", "cover": "http://img3.douban.com/mpic/s26966963.jpg", "mp3": "http://mr5.douban.com/201310221725/f22af9a305f51bc883b4f30ae0d8dbca/view/song/small/p1381231.mp3", "ogg": "http://mr5.douban.com/201310221725/f22af9a305f51bc883b4f30ae0d8dbca/view/song/small/p1381231.mp3"}, {"album": "When You Grow Up", "artist": "Priscilla Ahn", "title": "Torch Song", "cover": "http://img3.douban.com/mpic/s4699756.jpg", "mp3": "http://mr3.douban.com/201310221725/0da7aad727ededb379f672765ddcd18a/view/song/small/p1845410.mp3", "ogg": "http://mr3.douban.com/201310221725/0da7aad727ededb379f672765ddcd18a/view/song/small/p1845410.mp3"}, {"album": "Down The Way", "artist": "Angus & Julia Stone", "title": "Big Jet Plane", "cover": "http://img3.douban.com/mpic/s4212643.jpg", "mp3": "http://mr3.douban.com/201310221725/63b8a9e68fb639fa55f737444f03ca21/view/song/small/p1641126.mp3", "ogg": "http://mr3.douban.com/201310221725/63b8a9e68fb639fa55f737444f03ca21/view/song/small/p1641126.mp3"}, {"album": "Small Planes", "artist": "The Innocence Mission", "title": "Migration", "cover": "http://img3.douban.com/mpic/s1413420.jpg", "mp3": "http://mr3.douban.com/201310221725/880dae330766cb368220b04ac86af620/view/song/small/p698378.mp3", "ogg": "http://mr3.douban.com/201310221725/880dae330766cb368220b04ac86af620/view/song/small/p698378.mp3"}, {"album": "The Chaos In Order", "artist": "Let's Go Sailing", "title": "Come Home Safely", "cover": "http://img3.douban.com/mpic/s2676314.jpg", "mp3": "http://mr3.douban.com/201310221725/8dac9750aaac0fe341e4024f6cdf51b7/view/song/small/p714228.mp3", "ogg": "http://mr3.douban.com/201310221725/8dac9750aaac0fe341e4024f6cdf51b7/view/song/small/p714228.mp3"}, {"album": "The Drifter & The...", "artist": "Rosi Golan", "title": "Hazy (Featuring William Fitzsimmons)", "cover": "http://img3.douban.com/mpic/s3895311.jpg", "mp3": "http://mr5.douban.com/201310221725/598281868c4a2470457e8998163cd9e3/view/song/small/p1640251.mp3", "ogg": "http://mr5.douban.com/201310221725/598281868c4a2470457e8998163cd9e3/view/song/small/p1640251.mp3"}, {"album": "Not Too Late", "artist": "Norah Jones", "title": "Thinking About You", "cover": "http://img3.douban.com/mpic/s2368627.jpg", "mp3": "http://mr3.douban.com/201310221725/11d1294549983987d438dd36a78799d1/view/song/small/p156658.mp3", "ogg": "http://mr3.douban.com/201310221725/11d1294549983987d438dd36a78799d1/view/song/small/p156658.mp3"}, {"album": "Say It", "artist": "Britt Nicole", "title": "You", "cover": "http://img4.douban.com/mpic/s2406758.jpg", "mp3": "http://mr4.douban.com/201310221725/a8cc67f48bafcf8b267de2adbb724fd9/view/song/small/p465543.mp3", "ogg": "http://mr4.douban.com/201310221725/a8cc67f48bafcf8b267de2adbb724fd9/view/song/small/p465543.mp3"}, {"album": "Twentythree", "artist": "Tristan Prettyman", "title": "Love Love Love", "cover": "http://img3.douban.com/mpic/s4714100.jpg", "mp3": "http://mr3.douban.com/201310221725/059cceab1d5e17a78c4baa84fbb169e3/view/song/small/p505019.mp3", "ogg": "http://mr3.douban.com/201310221725/059cceab1d5e17a78c4baa84fbb169e3/view/song/small/p505019.mp3"}, {"album": "Precious Burden", "artist": "Sophie Zelmani", "title": "Black Day", "cover": "http://img5.douban.com/mpic/s4716339.jpg", "mp3": "http://mr4.douban.com/201310221725/f2fc9dd18ec8db78310463976a64bcee/view/song/small/p379064.mp3", "ogg": "http://mr4.douban.com/201310221725/f2fc9dd18ec8db78310463976a64bcee/view/song/small/p379064.mp3"}, {"album": "My Best Friend's ...", "artist": "Sophie Zelmani", "title": "Always You", "cover": "http://img3.douban.com/mpic/s1400005.jpg", "mp3": "http://mr3.douban.com/201310221725/a075de7d00012cb55064acc02bb4000d/view/song/small/p967476.mp3", "ogg": "http://mr3.douban.com/201310221725/a075de7d00012cb55064acc02bb4000d/view/song/small/p967476.mp3"}, {"album": "FAKE BOOK", "artist": "\u5927\u6a4b\u30c8\u30ea\u30aa", "title": "Dancing In The Moonlight", "cover": "http://img3.douban.com/mpic/s4164197.jpg", "mp3": "http://mr3.douban.com/201310221725/10779ec4bac9b615fea71a1f86e6de73/view/song/small/p1475059.mp3", "ogg": "http://mr3.douban.com/201310221725/10779ec4bac9b615fea71a1f86e6de73/view/song/small/p1475059.mp3"}, {"album": "Trenes de Juguete", "artist": "Bosques de mi Mente", "title": "Recuerdo Infantil", "cover": "http://img3.douban.com/mpic/s2760452.jpg", "mp3": "http://mr3.douban.com/201310221725/8360ae2da506c7d36ec2bcee7a44136b/view/song/small/p427345.mp3", "ogg": "http://mr3.douban.com/201310221725/8360ae2da506c7d36ec2bcee7a44136b/view/song/small/p427345.mp3"}, {"album": "My Friends All Di...", "artist": "Cocoon", "title": "Hummingbird", "cover": "http://img3.douban.com/view/site/large/public/d7871605c4f61aa.jpg", "mp3": "http://mr3.douban.com/201310221725/7b9fe80704248384c0825adcd85d6871/view/song/small/p522060.mp3", "ogg": "http://mr3.douban.com/201310221725/7b9fe80704248384c0825adcd85d6871/view/song/small/p522060.mp3"}]
[pid: 15752|app: 0|req: 4/18] 58.100.7.199 () {44 vars in 989 bytes} [Tue Oct 22 04:25:33 2013] GET /auth/test/ => generated 9529 bytes in 2 msecs (HTTP/1.1 200) 1 headers in 51 bytes (1 switches on core 0)
[pid: 15751|app: 0|req: 6/19] 58.100.7.199 () {42 vars in 980 bytes} [Tue Oct 22 04:25:35 2013] GET /doubanstatic/newcss/images/playing.png => generated 1434 bytes in 1 msecs (HTTP/1.1 200) 3 headers in 112 bytes (1 switches on core 0)
[pid: 15750|app: 0|req: 5/20] 58.100.7.199 () {40 vars in 945 bytes} [Tue Oct 22 04:25:37 2013] GET /doubanstatic/newcss/images/pause.png => generated 1197 bytes in 1 msecs (HTTP/1.1 200) 3 headers in 112 bytes (1 switches on core 0)
